{
  "stats": {
    "suites": 1,
    "tests": 2,
    "passes": 2,
    "pending": 0,
    "failures": 0,
    "start": "2025-01-08T09:15:29.764Z",
    "end": "2025-01-08T09:15:33.539Z",
    "duration": 3775,
    "testsRegistered": 2,
    "passPercent": 100,
    "pendingPercent": 0,
    "other": 0,
    "hasOther": false,
    "skipped": 0,
    "hasSkipped": false
  },
  "results": [
    {
      "uuid": "9273ac92-c7cb-4b7a-9d76-076cf712ca8e",
      "title": "",
      "fullFile": "cypress/e2e/onboardingTask.cy.js",
      "file": "cypress/e2e/onboardingTask.cy.js",
      "beforeHooks": [],
      "afterHooks": [],
      "tests": [],
      "suites": [
        {
          "uuid": "c8b2e8f9-4338-499e-af6d-4a097e59ef70",
          "title": "Onboarding task",
          "fullFile": "",
          "file": "",
          "beforeHooks": [],
          "afterHooks": [],
          "tests": [
            {
              "title": "User1 should be able to login",
              "fullTitle": "Onboarding task User1 should be able to login",
              "timedOut": null,
              "duration": 1401,
              "state": "passed",
              "speed": "fast",
              "pass": true,
              "fail": false,
              "pending": false,
              "context": null,
              "code": "loginPage.enterUsername(Cypress.env('users').user1.username);\nloginPage.enterPassword(Cypress.env('users').user1.password);\nloginPage.clickSignIn();\nmainPage.mainMenuDisplayed();",
              "err": {},
              "uuid": "f1332ef9-e502-47b5-99e0-2d042f787373",
              "parentUUID": "c8b2e8f9-4338-499e-af6d-4a097e59ef70",
              "isHook": false,
              "skipped": false
            },
            {
              "title": "User2 should be able to login",
              "fullTitle": "Onboarding task User2 should be able to login",
              "timedOut": null,
              "duration": 1011,
              "state": "passed",
              "speed": "fast",
              "pass": true,
              "fail": false,
              "pending": false,
              "context": null,
              "code": "loginPage.enterUsername(Cypress.env('users').user2.username);\nloginPage.enterPassword(Cypress.env('users').user2.password);\nloginPage.clickSignIn();\nmainPage.mainMenuDisplayed();",
              "err": {},
              "uuid": "a31aaee5-0441-4ee9-a150-6f0122544b1c",
              "parentUUID": "c8b2e8f9-4338-499e-af6d-4a097e59ef70",
              "isHook": false,
              "skipped": false
            }
          ],
          "suites": [],
          "passes": [
            "f1332ef9-e502-47b5-99e0-2d042f787373",
            "a31aaee5-0441-4ee9-a150-6f0122544b1c"
          ],
          "failures": [],
          "pending": [],
          "skipped": [],
          "duration": 2412,
          "root": false,
          "rootEmpty": false,
          "_timeout": 2000
        }
      ],
      "passes": [],
      "failures": [],
      "pending": [],
      "skipped": [],
      "duration": 0,
      "root": true,
      "rootEmpty": true,
      "_timeout": 2000
    }
  ],
  "meta": {
    "mocha": {
      "version": "7.0.1"
    },
    "mochawesome": {
      "options": {
        "quiet": false,
        "reportFilename": "mochawesome",
        "saveHtml": true,
        "saveJson": true,
        "consoleReporter": "spec",
        "useInlineDiffs": false,
        "code": true
      },
      "version": "7.1.3"
    },
    "marge": {
      "options": null,
      "version": "6.2.0"
    }
  }
}