{
  "stats": {
    "suites": 1,
    "tests": 3,
    "passes": 2,
    "pending": 0,
    "failures": 1,
    "start": "2025-01-09T11:07:37.399Z",
    "end": "2025-01-09T11:07:46.762Z",
    "duration": 9363,
    "testsRegistered": 3,
    "passPercent": 66.66666666666666,
    "pendingPercent": 0,
    "other": 0,
    "hasOther": false,
    "skipped": 0,
    "hasSkipped": false
  },
  "results": [
    {
      "uuid": "55384561-c081-4d61-a682-655cbf2682b2",
      "title": "",
      "fullFile": "cypress/e2e/onboardingTask.cy.js",
      "file": "cypress/e2e/onboardingTask.cy.js",
      "beforeHooks": [],
      "afterHooks": [],
      "tests": [],
      "suites": [
        {
          "uuid": "af7b65e7-33e7-473b-bfff-5f594accf3e4",
          "title": "Onboarding task",
          "fullFile": "",
          "file": "",
          "beforeHooks": [],
          "afterHooks": [],
          "tests": [
            {
              "title": "User1 should be able to login",
              "fullTitle": "Onboarding task User1 should be able to login",
              "timedOut": null,
              "duration": 1462,
              "state": "passed",
              "speed": "fast",
              "pass": true,
              "fail": false,
              "pending": false,
              "context": null,
              "code": "loginPage.enterUsername(Cypress.env('users').user1.username);\nloginPage.enterPassword(Cypress.env('users').user1.password);\nloginPage.clickSignIn();\nmainPage.verifyMainMenu(Cypress.env('users').user1.isValidUser);",
              "err": {},
              "uuid": "6836e067-9f6e-4002-9210-f83067431b72",
              "parentUUID": "af7b65e7-33e7-473b-bfff-5f594accf3e4",
              "isHook": false,
              "skipped": false
            },
            {
              "title": "User2 should be able to login",
              "fullTitle": "Onboarding task User2 should be able to login",
              "timedOut": null,
              "duration": 1222,
              "state": "passed",
              "speed": "fast",
              "pass": true,
              "fail": false,
              "pending": false,
              "context": null,
              "code": "loginPage.enterUsername(Cypress.env('users').user2.username);\nloginPage.enterPassword(Cypress.env('users').user2.password);\nloginPage.clickSignIn();\nmainPage.verifyMainMenu(Cypress.env('users').user2.isValidUser);",
              "err": {},
              "uuid": "259655f2-594d-441b-a325-7adec0a53483",
              "parentUUID": "af7b65e7-33e7-473b-bfff-5f594accf3e4",
              "isHook": false,
              "skipped": false
            },
            {
              "title": "User with incorrect credentials should not be able to login",
              "fullTitle": "Onboarding task User with incorrect credentials should not be able to login",
              "timedOut": null,
              "duration": 5354,
              "state": "failed",
              "speed": null,
              "pass": false,
              "fail": true,
              "pending": false,
              "context": null,
              "code": "loginPage.enterUsername(Cypress.env('users').user3.username);\nloginPage.enterPassword(Cypress.env('users').user3.password);\nloginPage.clickSignIn();\nmainPage.verifyMainMenu(Cypress.env('users').user3.isValidUser);",
              "err": {
                "message": "AssertionError: Timed out retrying after 4000ms: expected '<ul.main-menu>' not to be 'visible'",
                "estack": "AssertionError: Timed out retrying after 4000ms: expected '<ul.main-menu>' not to be 'visible'\n    at MainPage.verifyMainMenu (webpack:///./cypress/support/PageObjects/mainPage.js:11:34)\n    at Context.eval (webpack:///./cypress/e2e/onboardingTask.cy.js:30:13)",
                "diff": null
              },
              "uuid": "104f3e3f-5ab6-4ac7-bf6d-79761ccd663e",
              "parentUUID": "af7b65e7-33e7-473b-bfff-5f594accf3e4",
              "isHook": false,
              "skipped": false
            }
          ],
          "suites": [],
          "passes": [
            "6836e067-9f6e-4002-9210-f83067431b72",
            "259655f2-594d-441b-a325-7adec0a53483"
          ],
          "failures": [
            "104f3e3f-5ab6-4ac7-bf6d-79761ccd663e"
          ],
          "pending": [],
          "skipped": [],
          "duration": 8038,
          "root": false,
          "rootEmpty": false,
          "_timeout": 2000
        }
      ],
      "passes": [],
      "failures": [],
      "pending": [],
      "skipped": [],
      "duration": 0,
      "root": true,
      "rootEmpty": true,
      "_timeout": 2000
    }
  ],
  "meta": {
    "mocha": {
      "version": "7.0.1"
    },
    "mochawesome": {
      "options": {
        "quiet": false,
        "reportFilename": "mochawesome",
        "saveHtml": true,
        "saveJson": true,
        "consoleReporter": "spec",
        "useInlineDiffs": false,
        "code": true
      },
      "version": "7.1.3"
    },
    "marge": {
      "options": null,
      "version": "6.2.0"
    }
  }
}